0 info it worked if it ends with ok
1 verbose cli [ '/usr/bin/nodejs',
1 verbose cli   '/usr/bin/npm',
1 verbose cli   'install',
1 verbose cli   'jquery@1.9.1',
1 verbose cli   '-',
1 verbose cli   '3' ]
2 info using npm@3.5.2
3 info using node@v4.2.6
4 silly loadCurrentTree Starting
5 silly install loadCurrentTree
6 silly install readLocalPackageData
7 silly fetchPackageMetaData jquery@1.9.1
8 silly fetchPackageMetaData -
9 silly fetchPackageMetaData 3
10 silly fetchNamedPackageData jquery
11 silly mapToRegistry name jquery
12 silly mapToRegistry using default registry
13 silly mapToRegistry registry https://registry.npmjs.org/
14 silly mapToRegistry uri https://registry.npmjs.org/jquery
15 silly fetchOtherPackageData -
16 silly cache add args [ '-', null ]
17 verbose cache add spec -
18 silly fetchNamedPackageData 3
19 silly mapToRegistry name 3
20 silly mapToRegistry using default registry
21 silly mapToRegistry registry https://registry.npmjs.org/
22 silly mapToRegistry uri https://registry.npmjs.org/3
23 verbose request uri https://registry.npmjs.org/jquery
24 verbose request no auth needed
25 info attempt registry request try #1 at 16:39:13
26 verbose request id 3efd5a8393283812
27 http request GET https://registry.npmjs.org/jquery
28 silly cache add parsed spec Result {
28 silly cache add   raw: '-',
28 silly cache add   scope: null,
28 silly cache add   name: null,
28 silly cache add   rawSpec: '-',
28 silly cache add   spec: '/home/karim/Bureau/ESIEA 4A/Semestre1/Web/ProjetWeb/carSeller/-',
28 silly cache add   type: 'local' }
29 verbose request uri https://registry.npmjs.org/3
30 verbose request no auth needed
31 info attempt registry request try #1 at 16:39:13
32 http request GET https://registry.npmjs.org/3
33 error addLocal Could not install /home/karim/Bureau/ESIEA 4A/Semestre1/Web/ProjetWeb/carSeller/-
34 silly fetchPackageMetaData Error: ENOENT: no such file or directory, open '/home/karim/Bureau/ESIEA 4A/Semestre1/Web/ProjetWeb/carSeller/-'
34 silly fetchPackageMetaData     at Error (native)
34 silly fetchPackageMetaData  error for - { [Error: ENOENT: no such file or directory, open '/home/karim/Bureau/ESIEA 4A/Semestre1/Web/ProjetWeb/carSeller/-']
34 silly fetchPackageMetaData   errno: -2,
34 silly fetchPackageMetaData   code: 'ENOENT',
34 silly fetchPackageMetaData   syscall: 'open',
34 silly fetchPackageMetaData   path: '/home/karim/Bureau/ESIEA 4A/Semestre1/Web/ProjetWeb/carSeller/-' }
35 http 200 https://registry.npmjs.org/jquery
36 verbose headers { server: 'nginx/1.10.1',
36 verbose headers   'content-type': 'application/json',
36 verbose headers   'last-modified': 'Thu, 16 Nov 2017 12:07:28 GMT',
36 verbose headers   etag: 'W/"5a0d7f80-16393"',
36 verbose headers   'content-encoding': 'gzip',
36 verbose headers   'cache-control': 'max-age=300',
36 verbose headers   'content-length': '11004',
36 verbose headers   'accept-ranges': 'bytes',
36 verbose headers   date: 'Sun, 19 Nov 2017 15:39:13 GMT',
36 verbose headers   via: '1.1 varnish',
36 verbose headers   age: '57',
36 verbose headers   connection: 'keep-alive',
36 verbose headers   'x-served-by': 'cache-cdg8729-CDG',
36 verbose headers   'x-cache': 'HIT',
36 verbose headers   'x-cache-hits': '2',
36 verbose headers   'x-timer': 'S1511105953.320116,VS0,VE0',
36 verbose headers   vary: 'Accept-Encoding, Accept' }
37 silly get cb [ 200,
37 silly get   { server: 'nginx/1.10.1',
37 silly get     'content-type': 'application/json',
37 silly get     'last-modified': 'Thu, 16 Nov 2017 12:07:28 GMT',
37 silly get     etag: 'W/"5a0d7f80-16393"',
37 silly get     'content-encoding': 'gzip',
37 silly get     'cache-control': 'max-age=300',
37 silly get     'content-length': '11004',
37 silly get     'accept-ranges': 'bytes',
37 silly get     date: 'Sun, 19 Nov 2017 15:39:13 GMT',
37 silly get     via: '1.1 varnish',
37 silly get     age: '57',
37 silly get     connection: 'keep-alive',
37 silly get     'x-served-by': 'cache-cdg8729-CDG',
37 silly get     'x-cache': 'HIT',
37 silly get     'x-cache-hits': '2',
37 silly get     'x-timer': 'S1511105953.320116,VS0,VE0',
37 silly get     vary: 'Accept-Encoding, Accept' } ]
38 verbose get saving jquery to /home/karim/.npm/registry.npmjs.org/jquery/.cache.json
39 http 200 https://registry.npmjs.org/3
40 verbose headers { server: 'nginx/1.10.1',
40 verbose headers   'content-type': 'application/json',
40 verbose headers   'last-modified': 'Mon, 25 May 2015 17:01:31 GMT',
40 verbose headers   etag: 'W/"5563556b-b0e"',
40 verbose headers   'content-encoding': 'gzip',
40 verbose headers   'cache-control': 'max-age=300',
40 verbose headers   'content-length': '1003',
40 verbose headers   'accept-ranges': 'bytes',
40 verbose headers   date: 'Sun, 19 Nov 2017 15:39:13 GMT',
40 verbose headers   via: '1.1 varnish',
40 verbose headers   age: '0',
40 verbose headers   connection: 'keep-alive',
40 verbose headers   'x-served-by': 'cache-cdg8734-CDG',
40 verbose headers   'x-cache': 'MISS',
40 verbose headers   'x-cache-hits': '0',
40 verbose headers   'x-timer': 'S1511105953.332103,VS0,VE16',
40 verbose headers   vary: 'Accept-Encoding, Accept' }
41 silly get cb [ 200,
41 silly get   { server: 'nginx/1.10.1',
41 silly get     'content-type': 'application/json',
41 silly get     'last-modified': 'Mon, 25 May 2015 17:01:31 GMT',
41 silly get     etag: 'W/"5563556b-b0e"',
41 silly get     'content-encoding': 'gzip',
41 silly get     'cache-control': 'max-age=300',
41 silly get     'content-length': '1003',
41 silly get     'accept-ranges': 'bytes',
41 silly get     date: 'Sun, 19 Nov 2017 15:39:13 GMT',
41 silly get     via: '1.1 varnish',
41 silly get     age: '0',
41 silly get     connection: 'keep-alive',
41 silly get     'x-served-by': 'cache-cdg8734-CDG',
41 silly get     'x-cache': 'MISS',
41 silly get     'x-cache-hits': '0',
41 silly get     'x-timer': 'S1511105953.332103,VS0,VE16',
41 silly get     vary: 'Accept-Encoding, Accept' } ]
42 verbose get saving 3 to /home/karim/.npm/registry.npmjs.org/3/.cache.json
43 silly rollbackFailedOptional Starting
44 silly rollbackFailedOptional Finishing
45 silly runTopLevelLifecycles Starting
46 silly runTopLevelLifecycles Finishing
47 silly install printInstalled
48 verbose stack Error: ENOENT: no such file or directory, open '/home/karim/Bureau/ESIEA 4A/Semestre1/Web/ProjetWeb/carSeller/-'
48 verbose stack     at Error (native)
49 verbose cwd /home/karim/Bureau/ESIEA 4A/Semestre1/Web/ProjetWeb/carSeller
50 error Linux 4.4.0-98-generic
51 error argv "/usr/bin/nodejs" "/usr/bin/npm" "install" "jquery@1.9.1" "-" "3"
52 error node v4.2.6
53 error npm  v3.5.2
54 error path /home/karim/Bureau/ESIEA 4A/Semestre1/Web/ProjetWeb/carSeller/-
55 error code ENOENT
56 error errno -2
57 error syscall open
58 error enoent ENOENT: no such file or directory, open '/home/karim/Bureau/ESIEA 4A/Semestre1/Web/ProjetWeb/carSeller/-'
59 error enoent ENOENT: no such file or directory, open '/home/karim/Bureau/ESIEA 4A/Semestre1/Web/ProjetWeb/carSeller/-'
59 error enoent This is most likely not a problem with npm itself
59 error enoent and is related to npm not being able to find a file.
60 verbose exit [ -2, true ]
